0-0 1-1 
0-0 1-1 
0-0 1-1 2-0 3-0 
0-0 1-1 2-0 3-0 
0-0 1-1 2-0 3-0 
0-2 1-3 2-1 3-3 4-5 5-13 6-5 7-3 8-7 9-7 10-15 11-8 12-9 13-10 14-11 15-9 16-9 17-13 18-10 19-7 21-13 22-11 23-18 24-4 
0-0 1-3 
0-0 1-3 
0-1 1-8 2-1 3-2 4-3 5-4 6-6 7-4 8-6 9-8 10-9 11-9 12-10 13-6 14-11 15-0 
0-12 1-0 2-1 3-7 4-2 5-3 6-7 7-4 8-11 9-7 10-7 11-8 12-7 13-9 14-7 15-12 16-12 17-11 18-13 
0-0 1-1 
0-2 1-4 2-17 3-6 4-6 5-12 6-9 7-6 8-12 9-12 10-6 11-14 12-15 13-16 14-12 15-15 16-15 17-21 
0-1 1-5 2-0 3-5 4-7 5-5 6-20 7-3 8-7 9-9 10-0 11-12 12-4 13-20 14-21 15-17 16-7 17-20 18-21 19-20 20-23 
0-8 1-10 2-12 3-5 4-5 5-5 6-4 7-20 8-22 9-5 10-10 11-20 12-5 13-5 14-8 15-3 16-21 
0-1 1-1 2-0 3-3 
0-0 1-1 
0-3 1-19 2-5 3-5 4-19 5-7 6-6 7-7 8-6 9-2 10-10 11-11 12-7 13-14 14-7 15-16 16-17 17-18 18-5 19-19 20-21 21-6 22-17 
0-3 1-3 2-3 3-3 4-2 6-4 
0-1 1-1 2-2 3-3 4-4 5-7 6-8 7-7 8-8 9-9 10-10 11-10 12-11 13-13 14-13 15-13 16-14 
0-6 1-3 2-15 3-4 4-5 5-15 6-5 7-15 8-6 9-10 10-10 11-10 12-10 13-6 14-12 15-13 16-6 17-5 18-15 19-15 21-6 22-6 23-17 
0-1 1-4 2-1 3-2 4-4 5-4 6-14 7-5 8-5 9-14 10-7 11-10 12-15 13-9 14-8 15-7 16-11 17-14 18-11 19-14 20-3 21-14 22-0 
0-0 1-4 2-1 3-1 4-8 5-1 6-5 7-8 8-8 9-9 
0-0 1-0 2-6 3-3 4-8 5-6 6-7 7-9 8-8 9-10 10-10 11-9 12-12 13-13 
0-0 1-0 2-0 3-1 
0-1 1-19 2-14 3-2 4-3 5-4 6-19 7-4 8-5 9-6 10-19 11-11 12-19 13-19 14-11 15-2 16-4 17-15 18-17 19-18 20-19 21-6 22-21 23-19 25-24 26-8 
0-0 1-0 2-0 3-0 4-2 
0-7 1-2 2-7 3-2 4-4 6-4 7-4 8-4 9-2 10-7 11-5 12-3 13-9 14-1 15-14 
0-0 1-5 2-3 3-3 4-4 5-3 6-5 7-6 
0-6 1-16 2-7 3-9 4-4 5-16 6-4 7-5 8-9 9-10 10-11 11-16 12-16 13-16 14-16 15-16 16-16 17-17 18-16 20-21 21-22 22-6 
0-2 1-4 2-6 3-2 4-0 5-2 6-6 7-5 8-5 9-5 10-2 11-6 12-7 13-4 14-1 15-10 
0-0 1-4 2-15 3-0 4-5 5-7 6-15 7-16 8-5 9-12 10-10 11-12 12-12 13-13 14-1 15-15 16-15 17-1 18-1 19-12 20-10 21-11 22-18 23-6 
0-9 1-8 2-7 3-7 4-9 5-12 6-12 7-12 8-0 9-7 10-2 11-4 12-4 13-12 14-7 15-10 16-12 17-7 18-13 
0-9 1-1 2-0 3-4 4-6 5-16 6-6 7-4 8-8 9-9 10-0 11-14 12-12 13-14 14-15 15-14 16-14 17-19 18-5 
0-0 1-12 2-1 3-2 4-4 5-4 6-5 7-7 8-4 9-7 10-5 11-13 12-10 13-11 14-11 15-21 16-13 17-4 18-3 19-16 20-19 21-18 22-3 23-19 24-18 25-21 26-6 
0-1 1-1 2-2 3-3 4-4 5-5 6-6 7-7 8-8 9-8 10-9 11-15 12-10 13-10 14-11 15-3 16-14 17-13 18-16 
0-11 1-2 2-11 3-2 4-9 6-8 7-12 8-7 9-8 10-9 11-10 12-10 13-11 14-0 15-13 
0-1 1-0 2-0 3-1 4-1 5-3 6-1 
0-1 1-7 2-1 3-2 4-4 5-4 6-3 7-10 8-3 9-4 10-7 11-10 12-7 13-7 14-10 15-2 16-10 17-11 18-11 19-13 20-10 21-10 22-4 23-0 
0-4 1-1 2-7 3-4 4-4 5-3 6-8 7-6 8-8 9-7 10-9 11-9 12-13 13-11 14-12 15-14 
0-0 1-22 2-1 3-12 4-5 5-4 6-12 7-1 8-1 9-4 10-12 11-0 12-9 13-5 14-11 15-12 16-12 17-19 18-13 20-6 21-0 22-22 23-20 24-13 25-23 
0-0 1-0 2-2 3-5 4-8 6-5 7-0 9-11 10-12 11-13 
0-0 1-1 2-9 3-6 4-12 5-3 6-15 7-6 8-4 9-6 10-6 11-2 12-7 13-6 14-6 15-8 16-6 17-15 18-13 19-12 20-11 21-14 23-6 24-15 25-20 26-19 27-21 
0-2 1-4 2-2 3-2 4-0 5-2 6-1 7-0 
0-0 1-2 2-0 3-5 4-4 5-2 6-6 7-7 8-8 9-8 10-18 11-2 12-15 13-8 14-9 15-15 16-4 17-2 18-12 19-12 20-20 
0-0 1-3 
0-0 1-3 
0-0 1-1 2-2 3-4 4-5 5-5 6-5 7-6 8-5 9-5 10-6 11-13 12-12 14-15 15-16 17-18 18-19 
0-0 1-0 2-8 3-0 4-21 5-9 6-5 7-21 9-17 10-9 11-21 12-11 13-10 14-4 15-13 16-14 17-15 18-0 19-17 20-18 21-5 22-22 23-22 24-9 25-18 26-23 
0-3 1-4 2-4 3-10 4-4 5-3 6-6 7-7 8-7 9-7 10-4 11-9 12-6 13-9 14-9 15-9 16-2 17-12 
0-0 1-1 2-2 3-3 4-4 5-4 6-11 7-6 8-12 9-12 10-4 11-18 12-1 13-20 14-9 15-10 16-6 17-12 18-13 19-3 
0-5 1-7 2-4 3-20 4-3 5-4 6-10 7-11 8-5 9-21 10-5 11-17 12-17 13-5 14-17 15-17 16-0 17-17 18-4 19-3 20-20 21-22 22-21 23-23 
0-1 1-1 2-1 3-7 4-8 5-8 6-8 7-3 8-5 9-5 10-6 11-3 12-9 13-11 14-11 15-5 16-5 17-4 18-5 19-5 20-4 21-5 22-5 23-0 24-8 
0-7 1-17 2-13 3-10 4-17 5-12 6-13 7-13 8-17 9-16 10-16 11-16 12-16 13-17 14-19 15-19 16-0 17-13 18-0 19-2 20-2 21-13 22-20 
0-12 1-2 2-6 3-2 4-4 5-0 6-4 7-5 8-7 9-7 10-9 11-9 12-13 13-3 14-13 15-14 
0-3 1-5 2-2 3-2 4-5 5-6 6-2 7-8 8-8 9-11 10-9 11-2 12-10 13-11 14-11 15-12 16-12 17-13 18-14 19-2 20-3 21-5 22-16 23-18 24-18 25-20 26-21 
0-0 1-1 2-2 3-3 4-3 5-4 6-4 7-4 8-5 
0-0 1-1 2-2 3-9 4-21 5-5 6-23 7-9 8-4 9-7 10-5 11-9 12-13 13-9 14-23 15-9 16-11 17-9 18-13 19-3 20-24 21-9 22-15 24-9 26-17 27-19 28-19 29-25 
0-3 1-3 2-8 3-9 4-6 5-8 6-8 7-9 8-8 9-8 10-8 11-7 12-0 13-16 14-3 16-17 
0-2 2-2 3-0 4-1 5-0 6-3 7-4 9-7 10-7 11-7 12-4 14-7 15-12 16-8 17-14 18-15 
0-3 1-5 2-2 3-25 4-10 5-11 6-20 7-11 8-11 9-10 10-12 11-10 12-13 13-11 14-18 15-15 16-16 17-17 18-11 19-20 20-20 21-20 22-11 23-23 24-25 25-26 
0-1 1-4 2-1 3-2 4-3 5-4 6-4 7-9 8-0 
0-0 1-1 2-3 3-2 4-4 5-5 6-3 7-8 8-10 9-4 10-7 11-8 12-10 
0-0 1-2 2-5 3-9 4-9 5-9 6-3 7-5 8-6 10-6 11-9 12-6 13-8 14-9 15-10 
0-0 1-18 2-1 3-13 4-2 5-2 6-3 7-13 8-2 9-6 10-4 11-2 12-4 13-5 14-7 15-8 16-9 17-9 18-6 19-3 20-2 21-13 22-4 23-13 24-4 25-9 26-12 27-4 28-19 
0-1 1-0 2-1 
0-0 1-8 2-2 3-3 4-3 5-4 6-3 7-16 8-10 9-3 10-3 11-14 12-15 13-16 14-16 15-19 16-3 17-20 18-3 19-1 20-20 21-20 22-22 23-25 24-25 25-27 26-28 
0-0 1-1 
0-0 1-3 2-3 3-4 4-5 5-6 6-26 7-1 8-25 9-8 10-4 11-25 12-3 13-11 14-13 15-16 16-14 17-16 18-25 19-17 20-25 21-19 22-25 23-26 24-23 25-27 
0-2 1-2 2-4 3-27 4-25 5-9 6-4 7-15 8-14 9-9 10-9 11-20 12-10 13-27 14-13 15-13 16-14 17-25 18-13 19-9 20-6 21-19 22-21 23-22 24-9 25-24 26-24 27-27 
0-4 2-2 3-4 4-4 5-6 7-4 8-7 9-12 10-2 11-2 12-4 13-6 15-17 
0-0 1-0 2-0 3-2 4-11 5-1 6-3 7-6 8-4 9-5 10-6 11-11 12-7 13-11 14-11 15-8 16-9 17-10 18-11 19-9 
0-13 1-8 2-9 3-27 4-5 5-7 6-7 7-8 8-8 9-17 10-12 11-13 12-14 13-12 14-20 15-16 16-7 17-22 18-12 19-15 20-16 21-17 22-21 23-20 24-27 25-27 26-27 27-27 28-28 
0-0 1-0 2-1 3-2 4-0 5-4 6-5 8-7 9-2 10-9 11-2 12-8 13-0 14-10 15-10 16-10 17-14 
0-1 1-15 2-1 3-2 4-3 5-4 6-4 7-4 8-9 9-15 10-8 11-8 12-15 13-14 14-14 15-14 16-15 17-15 18-14 19-0 
0-12 1-0 2-1 3-1 4-8 5-14 6-15 7-3 8-4 9-12 10-8 11-12 12-12 13-8 15-16 
0-2 1-3 2-7 3-4 4-6 5-7 6-8 7-9 8-10 
0-0 1-1 2-2 3-3 4-4 
0-5 1-7 2-3 3-6 4-1 5-6 6-1 7-3 8-3 9-7 
0-0 1-1 
0-1 1-2 2-1 3-2 4-8 5-8 6-13 7-3 8-3 9-5 10-10 11-4 12-7 13-8 14-10 15-13 16-2 17-13 18-8 19-17 20-9 21-10 22-13 23-0 
0-1 1-2 2-1 3-2 4-3 5-3 6-5 7-3 8-10 9-7 10-7 11-10 12-10 13-0 
0-0 1-11 2-11 3-4 4-5 6-11 7-9 8-4 9-5 10-12 11-12 12-17 13-13 14-16 15-15 16-17 17-9 18-17 19-9 20-9 21-20 22-11 
0-8 1-11 2-12 3-0 4-8 5-9 6-8 7-17 8-17 9-1 10-12 11-15 12-15 13-9 14-10 15-10 16-8 17-12 18-12 19-0 20-11 21-17 22-12 23-17 24-15 25-16 26-12 27-17 28-17 29-19 
0-4 1-0 2-5 3-7 4-7 5-10 6-13 7-10 8-11 9-13 10-13 11-15 12-13 13-7 14-17 15-23 16-18 17-9 18-20 19-20 20-14 21-13 22-13 23-26 
0-12 1-6 2-1 3-2 4-7 5-12 6-3 7-12 8-5 9-5 10-7 11-12 12-9 13-12 
0-0 1-13 2-13 3-3 4-13 5-13 6-3 7-0 8-5 9-13 10-1 11-2 12-13 13-8 14-13 15-13 16-6 17-9 18-13 20-14 
0-0 1-1 2-11 3-1 4-1 5-6 6-5 7-1 8-6 9-6 10-6 11-3 12-8 13-11 14-10 15-11 16-12 
0-0 1-1 2-8 3-0 4-6 5-0 6-8 7-2 8-1 9-4 10-5 11-0 13-8 14-9 15-8 16-8 17-12 18-8 19-8 20-11 21-6 
0-2 1-0 2-0 3-6 4-6 5-0 6-2 7-4 8-9 9-9 10-6 11-0 13-18 14-23 15-12 16-12 17-0 18-11 19-19 20-9 21-20 22-21 23-12 24-22 25-24 
0-1 1-2 2-1 3-3 4-4 5-3 6-4 7-1 8-13 9-9 10-9 11-7 12-7 13-13 14-0 15-7 16-7 17-10 18-7 19-5 20-13 21-14 
0-0 1-2 2-7 3-6 4-2 5-3 6-8 7-6 8-8 9-8 10-3 11-2 12-9 13-3 14-13 15-14 
0-0 1-1 2-19 3-5 4-2 5-5 6-18 7-9 8-10 9-12 10-4 11-5 12-18 13-2 14-14 15-18 16-8 17-10 18-19 
0-4 1-4 2-4 3-11 4-5 5-7 6-1 7-10 8-19 9-16 10-9 11-11 12-13 13-18 14-20 15-13 16-7 17-2 18-14 19-20 20-2 21-22 
0-7 1-1 2-1 3-3 4-4 5-5 6-6 7-7 8-2 9-22 10-12 11-8 12-7 13-10 14-12 15-12 16-7 17-3 18-7 19-10 20-12 21-12 22-2 23-24 
0-4 1-3 2-3 3-3 4-3 5-6 6-3 7-15 8-9 9-6 10-3 11-15 12-3 13-1 14-15 15-16 
0-6 2-1 4-10 6-5 7-6 8-7 9-8 10-8 11-9 12-10 13-11 
0-12 1-6 2-6 3-3 4-6 5-16 6-17 7-6 8-8 9-18 10-18 11-17 12-4 13-17 14-21 15-18 16-13 17-16 18-12 19-13 20-13 21-6 
0-0 1-0 2-10 3-2 4-13 5-6 6-6 7-5 8-0 9-7 10-10 11-15 12-13 13-13 14-13 15-13 16-12 17-0 18-13 19-10 20-16 21-17 
0-0 1-1 2-2 4-4 
0-7 1-3 2-26 3-26 4-2 5-2 6-3 7-26 8-5 9-9 11-14 12-14 13-14 14-14 15-14 16-14 17-14 18-23 19-18 20-19 21-25 22-20 23-3 24-23 25-19 26-25 27-26 28-29 
0-1 1-7 3-1 4-4 5-0 6-4 7-4 8-8 
0-0 1-1 2-3 3-1 4-3 5-3 6-4 7-5 8-6 9-6 10-4 11-12 12-12 13-14 
0-15 1-3 2-13 3-1 4-2 5-13 6-17 7-7 8-11 9-17 10-18 11-17 12-11 13-17 14-21 15-20 16-11 17-17 18-11 19-11 20-11 21-13 22-13 23-13 24-15 25-22 
0-3 1-3 2-10 3-1 4-10 5-1 6-10 7-11 8-10 9-11 10-9 11-10 12-11 13-0 
0-0 1-4 2-4 3-4 4-4 5-4 6-4 7-1 8-7 9-4 10-4 11-3 12-3 13-5 14-6 15-7 16-8 
0-1 1-4 2-1 3-2 4-4 5-4 6-4 7-6 8-11 9-8 10-12 11-11 12-10 13-11 14-11 15-11 16-0 
0-2 1-5 2-1 3-3 4-2 5-2 6-3 7-4 8-5 9-9 10-4 11-8 12-14 13-5 14-14 15-7 16-10 17-11 18-3 19-1 20-3 21-14 22-1 23-9 24-4 25-17 26-11 27-9 28-10 29-21 
0-15 1-11 2-3 3-4 4-15 5-5 6-7 7-15 8-6 9-1 11-11 12-12 13-15 14-15 16-15 17-16 18-20 19-15 20-15 21-19 22-19 23-20 
0-1 1-1 2-4 3-3 4-6 5-2 6-5 7-4 8-6 9-7 10-9 11-2 12-1 13-5 14-3 15-12 16-5 17-3 18-15 19-4 20-3 21-16 22-1 
0-4 1-4 2-3 3-6 4-4 5-6 6-7 
0-1 1-0 2-1 3-1 4-0 5-4 6-4 7-6 8-12 9-1 10-1 11-10 12-1 13-11 14-12 
0-18 1-0 2-0 3-9 4-4 5-9 6-6 7-4 8-18 9-0 10-9 11-9 12-9 13-9 14-3 15-12 16-13 17-14 18-5 19-18 20-18 21-18 22-18 23-18 24-21 26-22 
0-3 1-0 2-1 3-4 4-4 5-5 
0-10 1-10 2-2 3-9 4-14 5-14 6-6 7-9 8-10 9-10 10-10 11-10 12-9 13-11 14-23 15-10 16-15 17-14 18-11 19-20 20-13 21-4 22-9 23-22 24-23 25-24 
0-1 1-8 2-1 3-3 4-7 5-3 6-0 7-7 8-7 9-8 
0-0 1-1 2-2 3-1 4-3 5-2 
0-0 1-9 2-1 3-19 4-3 5-0 6-17 7-5 8-19 9-8 10-10 11-9 12-11 13-19 14-13 15-15 16-8 17-17 18-17 19-17 20-19 21-20 
0-0 1-2 2-3 3-5 4-3 5-2 6-3 7-7 8-8 9-9 10-11 11-9 12-11 13-8 14-11 15-4 
0-0 1-1 2-2 3-4 4-21 5-4 6-4 7-4 8-16 9-4 10-21 11-23 12-4 13-11 14-1 15-15 16-5 17-12 18-15 19-3 20-23 21-19 22-19 23-21 24-23 25-23 26-23 27-25 
0-0 1-0 2-1 3-3 4-5 5-5 6-6 7-6 8-5 9-8 
0-15 1-5 2-0 3-0 4-14 5-10 6-10 7-13 8-4 9-13 11-13 12-14 13-21 14-17 15-17 16-21 17-22 
0-1 1-13 2-1 3-13 4-12 5-13 6-3 7-12 8-4 9-4 10-9 11-13 12-8 13-13 14-13 15-14 16-13 17-7 18-13 19-13 20-9 21-13 22-6 23-13 24-13 25-8 26-11 
0-0 1-4 2-2 3-10 4-2 5-12 6-7 7-18 8-10 9-11 10-7 11-14 12-13 13-14 14-15 15-12 16-15 17-15 18-18 19-15 20-21 21-20 22-2 
0-0 1-1 
0-0 1-1 2-3 3-14 4-4 5-3 6-4 7-11 8-20 9-6 10-8 11-11 12-3 13-8 15-9 16-12 17-13 18-18 19-1 20-1 21-24 22-23 23-24 24-25 
0-5 1-7 2-13 3-1 4-3 5-12 6-7 7-1 8-9 9-12 10-11 11-13 12-12 13-2 
0-0 1-19 2-16 3-2 4-3 5-4 6-5 7-6 8-17 9-11 10-12 11-12 12-2 13-14 14-3 15-20 16-12 17-20 18-9 19-19 20-24 21-7 22-6 23-0 
0-0 1-1 2-1 3-2 4-4 5-2 6-4 7-16 8-5 9-9 10-8 11-9 12-9 13-10 14-10 15-16 16-15 17-13 18-14 19-1 20-8 21-2 22-15 23-17 24-18 25-19 
0-15 1-5 2-1 3-15 4-8 5-0 6-3 7-9 8-4 9-4 10-11 11-13 12-5 13-15 14-0 15-4 16-15 17-15 18-17 
0-4 1-6 2-10 3-9 4-10 5-6 6-10 8-6 9-10 
0-12 1-3 2-1 3-7 4-17 5-17 6-20 7-10 8-12 9-20 10-12 11-15 12-7 13-20 14-10 15-20 16-7 17-20 18-23 
0-0 1-1 2-5 3-5 4-6 5-5 6-5 7-0 8-5 9-9 10-10 
0-3 1-6 2-0 3-5 4-3 5-5 6-2 7-4 8-5 9-5 10-6 
0-0 1-0 2-1 3-2 4-3 5-2 6-4 7-2 8-1 9-7 10-9 11-7 12-10 13-10 14-11 15-7 16-3 
0-1 1-1 2-1 3-5 4-1 5-5 8-1 9-1 10-6 11-1 
0-4 1-4 3-13 4-7 5-9 6-2 7-13 8-4 9-13 10-9 11-13 12-13 13-13 14-13 
0-9 1-2 2-1 3-7 4-4 5-9 6-6 7-7 8-8 9-7 10-13 11-18 12-12 13-12 14-9 15-13 16-14 17-19 
0-2 1-2 2-2 3-2 4-0 5-2 6-6 7-2 8-0 9-2 
0-2 1-5 2-3 3-8 4-8 5-9 6-4 7-5 8-6 9-9 10-0 11-9 12-9 13-9 14-9 15-0 16-2 17-12 
0-7 1-6 2-8 3-3 4-4 5-7 6-7 7-7 8-10 9-10 10-7 
0-0 1-9 2-1 3-2 4-3 5-5 6-7 7-6 8-4 9-6 10-7 11-9 12-11 13-12 14-8 15-14 16-15 17-16 18-17 
0-1 1-2 2-1 3-2 4-2 5-2 6-2 7-4 8-3 9-5 10-12 11-7 12-17 13-11 14-11 15-17 16-17 17-11 19-17 20-11 21-17 22-18 
0-1 1-1 2-3 3-3 4-4 5-6 6-5 7-7 8-8 
0-19 1-3 2-0 3-2 4-3 5-19 6-19 7-6 8-7 9-19 10-10 11-11 12-12 13-12 14-19 15-15 16-19 17-19 18-19 19-21 20-19 21-5 22-19 23-23 24-25 25-26 
0-0 1-1 2-1 3-1 4-1 
0-0 1-0 2-1 3-9 4-9 5-9 6-9 7-9 8-5 10-7 11-8 12-10 
0-5 1-3 2-0 3-8 4-5 5-7 6-1 7-10 8-12 
0-13 2-2 3-13 4-4 5-14 6-14 7-7 8-8 9-14 10-16 11-11 12-6 13-14 14-14 15-13 16-15 17-15 18-15 19-14 20-13 21-22 23-14 24-22 25-19 26-20 27-14 28-20 29-23 
0-1 1-5 2-1 3-2 4-3 5-4 6-4 7-6 8-6 9-5 10-6 11-6 12-12 13-8 14-10 15-12 16-6 17-11 18-3 
0-1 1-2 2-5 3-25 4-5 5-4 6-5 7-8 8-7 9-9 10-8 11-4 12-8 13-15 14-9 15-19 16-16 17-4 18-8 19-21 20-21 21-4 22-23 23-23 24-19 25-6 26-8 27-25 28-8 
0-6 1-6 2-2 3-0 4-9 5-9 6-9 7-10 9-7 10-5 11-5 12-6 13-7 14-9 15-7 16-12 
1-5 2-4 3-3 4-2 5-5 6-3 7-0 8-1 9-4 10-5 11-7 12-8 
0-10 1-1 2-2 3-2 4-2 5-5 6-20 7-8 8-8 9-9 10-16 11-17 12-18 13-12 14-14 15-13 16-20 
0-5 1-2 2-2 3-15 4-2 5-3 6-7 7-8 8-1 9-7 10-8 11-7 12-1 13-14 14-12 15-1 16-13 17-16 
0-11 1-17 2-18 3-8 4-12 5-8 6-11 7-12 8-16 9-8 10-5 11-6 12-7 13-8 14-4 15-5 16-2 17-7 18-7 19-8 20-5 21-5 22-18 23-8 24-2 25-7 26-19 
0-0 1-1 2-1 3-3 4-3 5-3 6-0 7-0 8-5 
0-3 1-4 2-5 3-6 4-6 5-5 6-9 7-6 8-11 9-12 10-4 11-14 12-15 13-6 14-16 15-12 16-2 17-16 18-11 19-11 20-6 21-6 22-17 
0-0 1-0 2-2 3-2 4-5 5-0 6-0 7-6 8-7 
0-4 1-1 2-0 3-3 5-8 6-8 7-5 8-8 9-9 10-11 11-11 12-8 
0-1 1-1 2-0 3-2 
0-2 1-2 2-3 3-9 4-2 5-5 6-6 7-5 8-4 9-9 10-8 11-3 12-10 13-7 14-12 15-13 
0-4 1-19 2-4 3-2 4-0 5-1 6-1 7-7 8-9 9-9 10-9 11-10 12-10 13-8 14-16 15-2 16-15 17-7 18-15 19-8 20-1 21-12 22-20 23-3 
0-0 1-1 2-9 3-6 4-11 5-9 6-10 7-6 8-3 9-11 10-11 11-12 
0-11 1-5 2-12 3-5 4-15 5-8 6-8 7-12 8-22 9-5 10-12 11-12 12-12 13-22 14-14 15-14 16-10 17-8 18-5 19-16 20-17 21-18 22-19 23-0 24-22 25-0 26-11 27-22 28-22 
0-11 1-1 2-2 3-3 4-3 5-4 6-6 8-9 9-8 10-7 11-14 12-15 13-16 14-6 15-17 16-19 17-20 
0-23 2-5 3-2 4-20 5-23 6-2 7-4 8-10 9-3 10-3 11-7 12-12 14-11 15-9 16-12 18-7 19-18 20-10 21-19 22-5 23-21 24-23 25-23 26-9 
0-1 1-1 2-0 3-1 4-2 5-2 6-2 7-3 
0-3 1-17 2-13 3-0 4-4 5-19 6-24 7-24 9-9 10-25 11-9 12-24 13-24 14-10 15-9 16-11 17-17 18-16 19-17 21-24 22-25 23-25 24-22 25-24 26-24 28-26 
0-14 1-6 2-19 3-4 4-14 5-6 6-6 7-16 8-12 9-12 10-14 11-12 12-14 13-15 14-16 16-16 17-14 18-14 19-14 20-14 21-14 22-16 23-16 24-16 25-12 26-19 27-16 
0-0 1-1 2-2 3-2 4-4 5-3 6-4 7-7 
0-10 1-10 2-15 3-15 4-15 5-2 6-3 7-3 8-8 9-8 10-8 11-6 12-6 13-8 14-1 15-9 16-0 17-0 18-8 19-16 20-8 21-6 22-17 
0-13 1-13 2-13 3-12 4-23 5-22 6-22 7-19 8-3 9-3 10-10 11-18 12-5 13-6 14-18 15-7 16-20 17-13 18-20 19-11 20-18 21-22 22-18 23-18 24-18 25-3 
0-0 1-2 2-4 3-5 4-6 5-8 6-7 7-9 8-11 9-9 10-2 11-10 
0-0 1-1 2-10 3-14 4-17 5-5 6-3 7-17 8-8 9-17 10-8 11-17 12-10 13-17 14-13 15-12 16-15 17-16 18-15 19-18 20-18 21-17 22-17 23-17 
0-1 1-5 2-5 3-2 4-3 5-4 6-5 7-5 
0-0 1-1 2-10 3-11 4-16 5-16 6-10 7-1 8-16 9-6 10-16 11-10 12-13 13-11 14-11 15-10 16-10 17-10 18-10 19-10 20-10 21-11 22-15 23-16 24-8 25-19 26-12 27-20 
0-4 1-4 2-2 3-4 4-5 5-5 6-10 7-8 8-5 9-9 10-11 
0-0 1-9 2-1 3-2 4-3 5-6 6-6 7-6 8-6 9-6 10-9 11-9 12-10 13-11 14-12 15-12 16-13 
0-0 1-3 2-5 3-6 4-5 5-8 
0-0 1-1 2-4 3-5 4-5 5-5 6-4 7-6 
0-0 1-1 2-2 3-2 4-4 5-6 6-9 7-10 8-5 9-8 10-7 11-9 12-9 13-12 
0-0 1-0 2-2 3-15 4-3 5-10 6-9 7-10 8-9 9-11 10-9 11-9 12-10 13-15 14-15 15-15 16-9 17-9 18-15 19-15 
0-1 1-1 2-3 3-3 4-3 5-4 
0-0 1-3 2-3 3-6 4-1 5-7 
0-0 1-2 2-1 3-2 4-3 5-7 6-6 7-7 8-8 
0-1 1-1 2-3 3-2 4-2 5-1 6-5 7-5 8-6 9-3 10-7 11-8 12-9 13-10 14-1 
0-1 1-4 2-3 3-5 5-3 6-6 7-6 8-7 9-3 10-12 11-3 12-1 14-3 15-6 16-16 17-3 
0-5 1-9 2-9 3-4 4-10 5-4 6-6 7-8 8-9 9-4 10-1 11-4 12-5 13-8 14-8 15-4 16-10 
0-1 1-11 2-1 3-2 4-3 5-5 6-2 7-5 8-3 9-9 10-3 11-9 12-10 13-9 14-8 15-13 16-15 17-16 18-15 19-0 
0-0 1-0 2-0 3-0 4-13 5-1 6-4 7-4 8-6 9-13 10-7 11-2 13-13 14-11 15-13 16-13 17-11 18-12 19-14 
0-0 1-1 2-2 3-3 4-4 
0-1 1-6 2-1 3-1 4-3 5-4 6-4 7-4 8-7 9-9 10-8 11-10 
0-0 1-2 2-3 3-2 4-8 5-5 6-8 7-8 8-14 9-8 10-15 11-11 12-11 13-12 14-8 15-14 16-15 17-10 18-3 19-8 20-17 21-16 22-15 23-17 24-15 25-15 26-20 27-20 28-8 
0-10 1-1 2-0 3-6 4-4 5-10 6-6 7-6 8-9 9-10 10-9 11-11 
0-3 1-2 2-4 3-5 4-1 5-11 6-2 7-12 8-12 9-12 10-16 11-12 12-5 13-16 14-15 15-16 16-17 
0-19 1-8 2-15 3-9 4-3 5-6 6-10 7-8 8-6 9-15 10-14 11-8 12-19 13-9 14-4 15-12 16-18 17-18 18-18 19-20 
0-6 1-2 2-0 3-17 4-6 5-6 6-2 7-15 8-7 9-17 10-6 11-9 12-17 13-6 14-7 16-17 17-6 18-17 19-17 20-15 21-17 22-19 23-17 
0-0 1-1 2-1 3-3 4-3 5-4 6-4 7-3 8-3 9-3 10-6 11-7 12-10 13-9 14-12 15-13 16-3 
0-1 1-5 2-3 3-0 4-1 5-3 
0-5 1-4 2-5 3-5 4-6 5-7 6-10 7-10 8-10 9-7 10-5 11-1 12-6 13-2 
0-7 1-10 2-0 3-1 4-2 5-0 6-4 7-3 8-11 
0-18 1-8 2-3 3-18 4-8 5-8 6-5 7-21 8-19 9-12 10-9 11-8 12-18 13-8 14-8 15-18 16-15 17-8 19-18 20-8 21-21 22-21 23-23 
0-5 1-3 2-6 3-10 4-10 5-10 6-10 7-5 8-16 
0-10 1-3 2-3 3-10 4-5 5-10 6-6 7-7 8-10 9-7 10-10 11-9 12-10 13-9 14-10 15-11 16-10 17-7 
0-7 1-5 2-11 3-7 4-8 5-9 6-10 7-11 8-12 9-2 10-7 11-7 12-1 13-8 
0-1 1-4 2-1 3-2 4-3 5-4 6-4 7-9 8-0 
0-1 1-1 2-4 3-2 4-4 5-1 6-4 7-1 
0-11 1-1 2-0 3-8 4-4 5-4 6-14 7-2 8-4 9-7 10-1 11-14 12-11 13-11 14-17 15-18 16-11 17-16 18-4 19-14 20-5 21-16 22-15 23-15 
0-0 1-1 2-5 3-3 4-3 5-6 6-3 7-5 8-5 10-3 11-5 13-7 14-9 
0-0 1-1 2-1 3-5 4-2 5-3 6-8 7-1 8-11 
0-8 1-3 2-6 3-8 4-8 5-3 6-2 7-10 8-10 9-3 10-3 11-8 
0-0 1-1 2-2 3-2 4-5 5-1 6-6 7-5 8-6 9-10 10-11 11-12 
0-0 1-0 2-1 
0-7 2-1 3-3 4-3 5-5 6-4 7-7 8-7 9-6 10-9 11-9 12-9 13-13 
0-2 1-1 2-5 3-14 4-5 5-1 6-7 7-11 8-8 9-8 10-11 11-12 12-14 13-13 14-1 15-7 16-15 17-18 18-19 19-20 20-14 21-19 22-20 23-21 24-4 
0-4 1-6 2-15 3-5 4-13 5-12 6-8 7-15 8-15 9-15 10-15 11-15 12-15 13-16 14-17 
0-5 1-1 2-5 3-3 4-12 6-6 7-7 9-9 10-10 11-10 12-1 13-12 14-5 15-12 16-10 17-12 18-10 19-12 20-5 21-19 22-5 23-21 24-1 25-24 26-3 
0-1 1-1 2-1 3-4 
0-0 1-0 2-13 3-12 4-10 5-10 6-2 7-3 8-4 9-5 10-10 11-10 12-7 13-8 14-9 15-10 16-11 17-12 18-13 
0-0 1-1 2-18 3-18 4-3 5-18 6-2 7-3 8-18 9-10 10-10 11-18 12-12 13-13 14-18 15-15 16-18 17-17 18-10 19-19 
0-1 1-2 2-1 3-2 4-7 5-4 6-7 7-6 8-9 9-7 10-7 11-4 12-7 13-8 14-8 15-7 16-7 17-11 18-7 19-11 20-12 
0-5 1-5 4-19 5-5 6-12 7-17 8-13 9-5 10-2 11-19 12-17 13-18 14-20 15-19 16-3 17-19 18-20 19-5 20-23 21-19 22-5 23-3 24-2 25-2 26-12 27-24 28-3 29-25 
0-1 1-1 2-1 3-1 4-1 5-1 6-0 7-1 8-4 
0-25 1-5 2-1 3-2 4-3 5-5 6-20 7-25 8-12 9-11 10-5 11-5 12-10 13-8 14-9 15-20 16-11 17-11 18-21 19-20 20-20 21-16 22-5 23-3 24-16 25-26 
0-2 1-2 2-1 3-3 4-2 5-2 6-2 7-2 8-9 9-5 10-10 
0-0 1-1 2-2 3-3 4-6 5-7 6-10 7-18 8-12 9-13 10-9 12-10 13-13 14-15 15-13 16-4 17-15 18-16 19-4 20-18 
0-12 2-11 3-20 4-8 5-8 6-3 7-15 8-8 9-12 10-9 11-3 13-11 14-3 15-3 16-14 17-15 18-15 19-16 20-11 21-15 22-3 23-12 25-21 26-11 27-4 28-20 29-11 
0-9 1-2 2-16 3-8 4-11 5-12 6-4 7-12 8-12 9-12 10-12 11-6 12-7 13-5 14-7 15-12 16-13 17-16 18-16 19-13 20-2 21-17 
0-7 1-5 2-10 3-1 4-1 5-1 6-3 7-4 8-4 9-5 10-15 11-15 12-6 13-1 14-9 15-1 16-1 17-13 18-4 19-1 20-6 21-15 22-14 23-6 24-18 25-18 26-4 
0-9 1-3 2-21 3-13 4-7 5-2 6-9 7-9 8-21 9-13 10-12 11-13 12-15 13-15 14-10 15-21 16-21 17-1 18-3 19-21 20-20 21-20 22-13 23-23 
0-14 1-2 2-2 3-3 4-3 5-19 6-2 7-0 8-5 9-7 10-8 11-10 12-5 13-18 14-14 15-10 16-16 17-18 18-13 19-15 20-16 21-18 22-19 23-18 24-19 25-25 26-18 27-25 28-24 29-26 
0-2 1-2 2-2 3-2 4-1 5-2 6-10 7-3 8-2 9-4 10-6 11-10 12-7 13-2 14-10 15-10 16-2 17-2 18-9 19-11 
0-5 1-1 2-26 3-10 4-10 5-5 6-6 7-7 8-26 9-9 10-10 11-26 12-7 13-21 14-19 15-21 16-26 17-5 18-19 19-10 20-23 21-24 22-26 23-26 24-26 25-25 26-20 27-14 28-26 
0-6 1-8 2-7 3-0 4-2 5-4 6-4 7-6 8-7 9-6 10-8 11-8 12-8 13-6 14-7 15-14 16-1 17-16 18-7 19-16 20-11 21-10 
0-0 1-1 2-1 3-23 4-12 5-5 6-7 7-7 8-8 9-8 10-11 11-8 12-16 13-5 14-14 15-16 16-1 17-23 18-19 19-8 20-24 21-24 22-5 23-5 24-8 25-2 26-22 27-16 28-21 29-25 
0-1 1-1 2-0 3-2 4-4 5-5 6-14 7-14 8-8 9-9 10-8 11-3 12-14 13-14 14-15 15-16 16-8 17-17 18-8 19-20 20-7 21-16 
0-6 1-1 2-20 3-3 4-4 5-1 6-6 7-7 8-8 9-1 10-6 11-12 12-19 13-12 14-13 15-17 16-15 17-16 18-6 19-19 20-11 21-3 22-19 23-20 24-21 
0-3 1-1 2-1 3-3 4-3 5-3 6-4 7-3 8-3 9-3 10-8 11-4 12-3 13-5 14-6 15-3 16-8 17-3 18-8 19-3 20-7 22-3 
1-3 2-5 3-5 4-5 5-8 6-5 7-7 8-5 9-11 10-12 11-11 12-12 13-16 
0-26 2-26 3-0 4-2 5-3 6-20 7-5 8-6 9-25 10-26 11-20 12-20 13-11 14-23 15-25 16-25 17-20 18-26 19-25 20-26 21-15 22-26 
0-5 1-1 3-4 4-4 5-6 6-14 7-7 8-14 9-9 10-12 11-15 12-6 13-12 14-15 15-15 16-15 17-16 
0-0 1-1 2-0 3-0 4-14 6-0 7-7 9-15 10-15 11-15 12-12 13-13 14-7 15-17 
0-12 1-4 2-7 3-6 4-7 5-9 6-2 7-7 8-13 9-12 10-7 11-12 12-3 13-1 14-5 15-15 
0-3 1-2 2-4 3-2 4-3 5-6 6-6 7-7 
0-11 1-19 2-3 3-13 4-16 5-13 6-16 7-5 8-4 9-4 10-13 11-21 12-19 13-21 14-16 15-8 16-6 17-13 18-16 19-8 21-23 
0-1 1-4 2-1 3-2 4-4 5-4 6-4 7-4 8-6 9-7 10-4 11-4 12-10 13-12 14-13 15-14 16-6 
0-0 1-2 2-1 3-4 4-3 5-4 6-4 8-4 9-0 10-6 11-0 12-0 13-4 14-1 
0-8 1-1 2-3 3-4 4-3 5-5 6-8 7-4 8-1 9-5 10-8 11-7 12-9 
0-17 1-19 2-17 3-2 4-4 5-15 6-16 7-5 8-17 9-8 10-9 11-11 12-21 13-10 14-19 16-21 17-15 18-15 19-18 20-15 21-21 22-15 23-21 24-18 25-21 26-19 27-21 28-23 
0-1 1-1 2-19 3-5 4-19 5-3 6-5 7-18 8-7 9-18 10-18 11-10 12-11 13-14 14-12 15-19 16-12 17-19 18-5 19-6 20-18 21-18 22-18 23-20 
0-1 1-4 2-0 3-3 4-4 5-1 6-5 
0-1 1-0 2-1 3-0 4-2 5-5 6-6 7-7 8-8 9-1 10-1 11-8 12-5 13-3 14-5 15-9 
0-8 1-8 2-8 3-10 4-8 5-11 6-4 7-6 8-8 9-4 10-4 11-12 
0-0 1-5 2-2 3-5 4-5 5-8 6-16 7-12 8-12 9-23 10-20 11-20 12-20 13-22 14-23 15-23 16-23 17-11 18-12 19-20 20-22 21-12 22-22 23-7 24-23 25-24 
0-22 1-1 2-16 3-22 4-2 5-14 6-22 7-22 8-5 9-4 10-22 11-22 12-7 13-8 14-23 15-5 16-14 17-23 18-22 19-11 20-22 21-23 22-1 23-22 
0-2 1-6 2-2 3-3 4-4 5-6 6-6 7-2 8-1 9-6 10-3 11-6 12-7 
0-3 1-1 2-0 3-1 4-0 5-1 6-4 
0-0 1-13 2-2 3-2 4-6 5-4 6-4 7-6 8-8 9-8 10-8 11-10 12-8 13-10 14-13 15-13 16-14 17-15 18-21 19-21 20-21 21-24 22-25 23-10 24-25 25-26 
0-4 1-4 2-8 3-5 4-8 5-1 6-10 7-5 8-10 9-8 10-10 11-10 12-12 13-1 14-8 15-8 16-7 17-16 18-8 19-18 20-4 21-18 22-19 
0-0 1-2 2-23 3-17 4-23 5-9 6-18 7-20 8-17 9-14 10-23 11-8 12-12 13-20 14-18 15-17 16-20 17-20 18-21 19-20 20-23 21-24 
0-0 1-1 2-2 3-1 4-3 5-1 6-1 7-6 8-7 9-8 10-9 
0-4 1-1 2-1 3-5 4-5 
0-6 1-10 2-8 3-2 4-1 5-2 6-1 7-2 8-4 9-3 10-4 11-6 12-3 13-6 14-4 15-4 16-11 17-11 18-6 19-8 20-4 21-11 22-4 23-11 24-0 
0-7 1-3 2-14 3-14 4-14 5-3 6-6 7-6 8-6 9-3 10-8 11-8 12-9 13-10 14-12 15-12 16-14 
0-7 1-7 2-7 3-8 4-7 5-13 6-10 7-1 8-3 9-12 10-11 11-12 12-13 13-15 14-14 16-11 17-13 18-2 19-20 20-21 
0-0 1-1 2-7 3-9 4-7 5-9 6-11 7-16 8-12 9-16 10-9 11-12 12-16 13-18 14-7 15-5 16-1 17-16 18-1 19-3 20-16 21-5 22-7 23-19 
0-15 1-3 2-15 3-15 4-15 5-5 6-15 7-5 8-15 9-15 10-15 11-8 12-3 13-9 14-15 15-10 16-15 17-12 18-15 19-15 20-15 21-15 22-15 23-18 24-18 25-4 
0-2 1-8 2-0 3-1 4-3 5-5 6-18 7-3 8-7 9-8 10-3 11-7 12-8 13-0 14-1 16-18 17-15 18-7 19-15 20-18 21-17 22-8 23-0 24-0 25-20 26-21 
0-1 1-1 2-5 3-11 4-4 5-5 6-18 7-15 8-8 9-11 10-11 11-10 12-12 13-13 14-8 15-15 16-16 17-1 18-18 19-19 
0-9 1-2 2-14 3-3 4-2 5-2 6-3 7-9 8-5 9-7 10-6 11-13 12-12 13-2 14-2 15-2 16-14 17-16 
0-6 1-1 2-1 3-7 4-3 5-6 6-8 7-1 8-9 9-8 10-10 
0-16 1-22 2-1 3-4 4-19 5-6 6-7 7-19 8-9 9-10 10-10 11-19 12-13 13-16 14-10 15-15 16-19 17-21 18-16 19-6 20-21 21-19 22-19 23-20 24-19 25-22 
0-3 1-0 2-9 3-2 4-7 5-4 6-7 7-4 8-7 9-8 10-9 11-10 
0-2 1-4 2-3 3-4 4-5 5-0 6-6 7-8 8-8 9-20 10-18 11-13 12-20 13-10 14-11 15-20 16-12 17-15 18-16 19-15 20-17 21-18 22-20 24-20 25-18 26-20 27-20 28-20 29-22 
0-0 1-1 2-22 3-3 4-22 5-21 6-7 7-25 9-8 10-1 11-10 12-2 13-25 14-2 15-22 16-25 17-2 18-16 19-18 20-18 21-28 
0-9 1-17 2-2 3-3 4-4 5-5 6-6 7-7 8-9 9-8 10-10 11-7 12-9 13-12 14-17 15-14 17-7 18-17 19-1 20-7 21-1 22-17 
0-11 1-5 2-15 3-9 4-9 6-3 7-12 8-2 9-15 10-9 11-5 12-5 13-9 14-5 15-9 16-7 17-6 18-9 20-5 
0-0 1-2 2-4 3-0 4-8 5-3 6-3 7-5 8-6 9-6 10-8 11-8 12-6 13-9 14-12 15-8 16-10 17-9 18-13 19-8 20-0 21-8 22-17 23-18 
0-8 1-1 2-15 3-3 4-3 5-3 6-3 7-15 8-3 9-7 10-16 11-22 12-11 13-3 14-11 15-10 17-16 18-15 19-15 20-8 21-15 22-2 23-10 24-21 25-0 26-20 27-21 28-15 
0-10 1-10 2-7 3-8 4-10 5-5 6-11 7-5 8-2 9-3 10-5 11-3 12-12 
0-20 1-4 2-1 3-20 4-12 5-3 6-10 7-8 8-10 9-10 10-9 11-5 12-14 13-14 14-5 15-18 16-17 17-18 18-18 19-20 20-18 21-10 22-3 23-10 24-10 
0-1 1-2 2-1 3-2 4-4 5-5 
0-21 1-3 2-5 3-4 4-6 5-9 6-5 7-21 8-9 9-9 10-12 11-12 12-13 13-12 14-12 15-12 16-16 17-16 18-12 19-18 20-1 21-19 22-12 23-12 26-23 
0-0 1-3 2-2 3-3 4-4 5-1 6-4 7-5 
0-0 1-1 2-8 3-15 4-7 5-8 6-4 7-15 8-6 9-6 10-10 11-4 12-15 13-15 14-14 15-8 16-16 17-3 18-16 
0-0 1-4 2-2 3-6 4-16 5-10 6-10 7-17 8-14 9-16 10-6 11-16 12-15 13-16 14-11 
0-0 1-0 2-5 3-14 4-8 5-7 6-14 7-10 8-14 10-14 12-14 13-14 14-16 15-16 16-21 18-14 19-25 20-26 
0-6 1-16 2-6 3-3 4-10 5-2 6-0 7-0 8-13 9-4 10-5 11-5 12-7 13-9 14-10 15-10 16-9 17-16 
0-13 1-4 2-2 3-3 4-4 5-9 6-3 7-9 8-4 9-4 10-4 11-14 12-9 13-4 14-4 15-10 16-11 17-11 18-3 19-4 20-4 21-17 22-9 
0-0 1-24 2-2 3-7 4-1 5-1 6-17 7-16 8-9 9-7 10-7 11-4 12-7 13-22 14-14 15-12 16-13 17-19 18-5 19-2 20-24 21-6 22-7 23-23 24-22 25-29 
0-5 1-6 2-13 3-13 4-4 5-1 6-9 7-15 8-17 9-13 10-4 11-6 12-13 13-13 14-9 15-8 16-13 17-10 18-10 19-13 20-14 22-15 23-7 
0-1 1-2 2-4 3-0 4-5 5-5 6-3 8-12 9-8 10-8 11-9 12-10 13-8 14-12 
0-0 1-1 2-3 3-4 4-9 5-6 6-10 7-9 8-9 9-10 10-9 11-9 12-13 13-11 14-10 15-13 16-10 17-15 18-14 19-17 20-18 21-21 
0-5 1-5 2-6 3-0 4-0 5-3 6-5 7-6 8-5 9-5 10-7 
0-0 1-1 2-2 3-1 4-2 5-4 6-5 7-4 8-4 9-4 10-4 11-7 
0-9 1-6 2-10 3-11 4-11 5-11 6-6 7-4 8-15 9-8 10-10 11-11 12-9 13-9 14-10 15-12 16-9 17-11 
0-0 1-1 2-2 3-2 4-4 5-4 6-6 7-5 8-6 9-7 
0-1 1-1 2-4 3-1 4-4 5-2 6-6 7-6 8-7 9-7 
0-4 1-4 2-6 3-4 4-8 5-8 6-8 7-9 
0-1 1-1 2-1 3-1 4-3 5-5 6-5 7-3 8-0 9-6 
0-11 1-1 2-1 3-11 4-0 5-3 6-1 7-3 8-9 9-9 10-11 11-2 12-10 13-11 14-8 15-8 16-11 17-11 18-11 19-11 20-11 21-12 22-11 
0-3 1-5 2-6 3-2 4-2 5-1 6-10 7-1 8-2 9-1 10-10 11-10 12-10 13-9 14-2 
0-20 1-11 2-1 3-1 4-11 5-5 6-20 7-10 8-11 9-15 10-0 11-13 13-3 14-19 15-7 16-11 17-21 
0-7 1-7 2-2 3-7 4-4 5-2 6-5 7-4 8-7 9-7 10-3 11-7 12-7 13-18 14-19 15-19 16-16 17-2 18-19 19-13 20-16 21-7 22-4 23-18 24-7 
0-3 1-3 2-2 3-4 4-4 5-0 6-2 7-0 8-6 
0-0 3-7 4-9 5-10 6-9 7-6 8-3 9-0 10-0 11-3 12-3 13-11 
0-12 1-0 2-3 3-2 4-5 5-2 6-5 7-12 8-5 9-6 10-12 11-5 12-5 13-2 14-5 15-6 16-13 
0-0 1-1 2-2 4-4 
0-0 1-2 2-2 3-3 4-4 
0-3 1-1 2-2 3-2 4-4 5-5 6-6 7-7 8-2 9-2 10-10 11-14 12-11 13-11 14-15 
2-10 3-10 4-3 5-4 6-10 7-6 8-11 9-10 10-11 11-10 12-10 13-10 14-9 15-0 
1-5 2-2 3-7 4-8 5-8 6-9 
0-13 1-3 2-15 3-7 4-0 5-3 6-7 7-15 8-7 9-14 10-11 11-7 12-15 13-8 14-7 15-15 16-10 17-8 18-6 19-18 
0-3 1-15 2-7 3-4 4-5 5-9 6-7 7-7 8-7 9-4 10-9 11-7 12-4 13-7 14-16 
0-2 1-0 2-15 3-15 4-3 5-4 6-15 7-15 8-7 9-8 10-15 11-10 12-15 13-11 14-11 15-14 16-14 17-15 18-4 19-9 20-16 21-17 
0-3 1-4 2-17 3-1 4-12 5-1 6-17 7-5 8-12 9-8 10-12 11-12 12-12 13-12 15-15 17-7 18-18 19-12 20-17 21-13 22-18 23-0 
0-6 1-6 2-5 3-3 4-7 5-5 6-10 7-5 8-5 9-8 10-12 12-12 13-14 
0-0 1-1 2-3 3-1 4-5 5-14 6-6 7-11 8-14 9-18 10-11 11-11 12-8 13-14 14-1 15-15 16-17 17-19 
0-0 1-1 2-2 3-2 4-5 5-3 6-4 7-6 
0-3 1-1 2-9 3-3 5-4 6-14 7-6 8-12 9-14 10-9 11-17 12-19 13-9 14-19 15-9 16-8 17-9 18-3 19-11 20-4 
0-7 1-4 2-24 3-16 4-8 5-7 6-6 7-9 8-14 9-10 10-11 11-11 12-12 13-13 14-14 15-15 16-14 17-10 18-17 19-11 20-11 21-12 22-13 24-24 25-9 26-7 27-24 28-25 29-7 
0-7 1-14 2-7 3-10 4-2 5-3 6-0 7-3 9-14 11-9 12-10 13-23 14-14 15-14 16-14 18-9 19-16 20-22 21-23 22-24 
0-0 1-14 2-2 3-8 4-8 5-8 6-14 7-6 8-5 9-5 10-5 11-5 12-7 13-20 14-11 15-8 16-8 17-21 18-14 19-15 20-7 21-8 22-9 23-15 24-21 25-1 26-24 27-4 28-23 29-25 
0-4 2-3 3-1 4-1 5-4 6-6 7-9 8-5 9-6 10-9 11-9 12-9 13-9 14-9 
0-6 1-11 2-6 3-6 4-6 5-6 6-6 7-6 8-3 9-6 10-6 11-10 12-9 13-11 14-10 15-10 16-1 17-6 18-6 19-10 20-9 22-10 23-10 24-6 25-11 26-16 
0-0 1-1 2-11 3-2 4-9 5-9 6-9 7-9 8-12 9-9 10-3 11-5 13-18 
0-0 1-6 2-1 3-1 6-12 7-7 8-12 9-1 10-6 13-13 14-13 15-10 16-10 17-3 18-10 19-12 20-10 21-3 22-14 23-10 24-14 25-13 26-12 27-17 
0-10 1-0 2-0 4-4 5-4 6-5 7-3 8-7 9-3 10-2 11-6 12-1 13-4 14-10 15-11 16-1 17-11 19-13 20-13 
0-1 1-2 2-1 3-2 4-6 5-4 6-5 7-6 8-6 9-7 
0-1 1-1 2-2 3-3 4-8 5-5 6-5 7-6 8-8 9-1 10-8 11-7 12-7 13-7 14-7 15-7 16-8 
0-20 1-3 2-2 3-4 4-5 5-20 6-7 7-20 8-1 9-8 10-9 11-12 12-20 13-14 14-9 15-14 16-8 17-20 18-14 19-5 20-20 21-14 23-17 24-18 25-19 26-21 
0-0 1-3 2-3 3-3 4-4 5-3 6-3 7-3 
0-1 1-2 2-3 3-4 4-0 5-5 6-6 7-6 8-0 9-10 
0-16 1-13 2-13 3-18 4-7 5-19 6-10 7-12 8-18 9-9 10-9 11-14 12-18 13-19 14-6 15-18 16-18 17-20 
0-3 1-2 2-3 3-3 4-7 5-5 6-5 7-3 8-2 9-12 10-10 11-13 12-5 13-12 14-12 15-12 
0-2 1-3 2-3 3-10 4-10 5-11 6-10 7-12 8-10 9-5 10-7 11-6 12-7 13-8 14-14 
0-2 1-8 2-3 3-5 4-5 5-6 6-5 7-2 8-8 9-5 
0-6 1-10 2-8 3-8 4-10 5-10 6-5 7-15 8-10 9-2 10-7 11-1 12-10 13-15 14-16 15-10 16-16 17-1 18-3 19-3 20-16 
0-17 1-0 2-1 3-2 4-2 5-5 6-6 7-18 8-7 9-15 10-3 11-8 12-9 13-8 14-13 15-14 16-20 17-21 18-2 19-15 20-16 21-17 22-23 
0-7 1-7 2-13 3-1 4-1 5-1 6-4 7-3 8-5 9-6 10-6 11-1 12-10 13-10 14-11 15-13 16-3 17-13 18-14 19-16 20-17 21-1 22-19 23-17 24-20 
0-0 1-0 2-3 3-2 4-6 5-8 
0-0 1-2 2-4 3-4 4-4 5-2 6-12 7-2 8-17 9-7 10-12 11-12 12-15 13-14 14-18 15-16 16-17 17-7 18-19 
0-0 1-0 2-3 3-5 4-2 5-2 6-4 7-5 8-3 
0-0 1-0 2-3 3-1 4-2 5-1 6-4 7-4 8-5 
1-0 2-1 3-1 
0-3 1-10 2-14 4-6 5-3 6-4 7-9 8-3 9-9 10-6 11-2 12-10 13-18 14-17 15-17 16-3 17-12 18-9 21-10 22-14 23-18 24-6 25-14 26-18 27-18 28-18 
0-1 1-1 2-3 3-9 4-4 5-9 6-4 7-10 
0-14 1-0 2-12 3-4 4-6 5-5 6-12 7-14 8-14 9-10 10-12 11-12 12-9 13-8 14-0 15-10 16-14 17-14 19-12 20-12 21-17 
0-2 1-2 2-6 3-13 4-8 6-6 7-13 8-2 
0-4 1-8 2-5 3-17 4-8 5-6 6-6 7-4 8-4 9-17 10-4 11-17 12-14 13-14 14-17 15-4 16-12 17-14 18-4 19-16 20-17 21-4 22-17 23-19 24-17 25-14 26-16 27-22 
0-5 1-1 2-2 3-3 4-5 5-8 6-1 7-13 8-13 9-26 10-13 11-13 12-13 13-2 14-25 15-19 16-1 17-21 18-25 19-19 20-27 22-25 23-13 24-27 25-25 
0-0 1-5 2-4 3-6 4-5 5-7 
0-0 1-1 2-3 3-16 4-4 5-9 6-6 7-2 8-16 9-7 10-9 11-9 12-9 13-11 14-2 15-16 16-11 17-9 18-13 19-16 20-1 21-17 
0-1 1-2 2-9 3-2 4-7 5-8 6-9 7-11 8-6 9-10 10-12 11-14 12-16 13-17 
0-5 1-1 2-7 3-2 4-4 5-0 6-6 7-7 
0-2 1-8 2-3 3-3 4-8 5-3 6-2 7-7 8-8 9-8 10-8 11-9 12-3 14-12 15-5 16-14 17-8 18-13 19-14 20-2 
0-4 1-5 2-7 3-12 4-1 5-2 6-7 7-12 8-6 9-10 10-11 11-13 12-13 13-12 14-13 15-6 
0-0 1-13 2-1 3-11 4-1 5-4 6-3 7-5 8-8 9-1 10-7 11-10 12-13 13-9 14-9 15-10 16-10 17-6 18-15 19-9 
0-7 1-17 2-13 3-12 4-10 5-12 6-9 7-9 8-9 9-17 10-9 11-10 12-10 13-11 14-5 15-5 16-5 17-5 18-7 19-8 20-12 21-8 22-17 23-17 24-5 25-17 26-5 28-18 
0-0 1-1 2-2 3-6 4-4 5-10 6-12 7-7 8-10 9-12 10-20 11-10 12-17 13-16 14-16 15-16 
0-11 1-11 2-3 3-2 4-6 5-7 6-7 7-2 8-9 9-11 10-12 11-2 12-12 13-12 14-3 15-7 16-2 
0-0 1-2 2-2 3-6 4-2 5-5 6-7 7-7 8-6 9-6 10-6 11-6 12-9 13-11 14-10 15-12 16-13 17-13 18-13 19-6 20-7 21-17 22-6 23-6 24-16 25-15 26-14 27-20 28-21 
0-9 1-0 2-0 3-7 4-4 5-13 6-9 7-0 8-0 9-2 10-4 11-11 12-8 13-14 
0-2 1-2 2-2 3-9 4-9 5-8 6-8 7-9 
0-1 1-2 2-3 3-9 4-9 5-3 6-8 7-5 8-8 9-5 10-8 11-9 
0-3 1-6 2-3 3-1 4-1 5-1 6-0 7-0 8-0 9-9 10-1 11-0 12-12 13-12 14-13 
0-0 1-1 2-1 3-2 4-2 5-5 6-6 7-7 
0-4 1-2 2-5 3-7 4-1 5-3 6-0 7-4 8-2 9-4 10-4 11-0 12-5 13-6 14-7 
0-0 1-3 2-1 3-15 4-13 5-7 6-8 7-16 8-8 9-11 10-15 11-11 12-10 13-16 14-12 15-17 16-12 17-11 18-13 19-16 20-15 21-17 
0-5 1-9 2-1 3-2 4-7 5-5 6-5 7-6 8-2 9-7 10-1 
0-0 1-6 2-6 3-6 4-7 5-3 6-4 7-4 8-6 9-6 10-6 11-7 12-8 
1-1 
0-0 1-1 2-3 3-1 4-3 5-1 6-1 7-1 8-6 9-2 
0-0 1-2 2-3 3-2 4-2 5-8 6-14 7-11 8-8 9-15 10-14 11-3 12-11 13-14 14-11 15-11 16-14 17-14 18-14 19-14 20-8 21-14 22-16 
0-2 1-17 2-1 3-2 4-3 5-3 6-3 7-7 8-10 9-7 10-7 11-7 12-9 13-7 14-10 15-10 16-9 17-13 18-15 19-17 20-15 21-22 22-24 23-23 24-24 25-24 26-26 27-27 
0-2 1-4 2-2 3-14 5-2 6-15 7-6 8-2 9-2 12-2 13-11 14-15 15-2 17-14 18-2 19-11 20-11 21-2 
0-0 1-1 2-11 3-2 4-11 5-4 6-5 7-11 8-11 9-10 10-6 11-9 12-9 13-6 14-11 15-8 16-12 
0-7 1-6 2-4 3-1 4-0 5-2 6-3 8-7 
0-0 1-4 2-1 3-3 4-2 5-4 6-3 7-5 
0-0 1-0 2-17 3-14 4-3 5-1 6-21 7-9 8-9 9-3 10-18 11-12 12-13 13-13 14-19 15-18 16-18 17-3 18-17 19-3 20-21 21-18 22-22 23-23 
0-3 1-12 2-13 3-3 4-3 5-12 6-18 7-2 8-3 9-9 10-7 11-9 12-9 13-3 14-9 15-12 16-14 17-2 18-11 19-22 
0-5 1-7 2-10 3-11 4-3 5-4 6-9 7-4 8-4 9-5 10-3 11-10 12-12 13-9 14-6 15-12 
0-9 1-9 2-2 3-5 4-5 5-4 6-2 7-9 8-5 9-2 10-5 11-5 12-6 13-2 14-9 
0-0 1-1 2-1 3-2 4-3 5-4 6-5 7-1 8-8 9-8 10-8 11-8 12-8 13-8 14-11 15-12 
0-7 1-3 2-7 3-5 4-1 5-4 6-0 7-3 8-4 9-6 
0-2 1-1 2-2 3-3 4-0 5-2 6-4 
0-9 1-17 2-1 3-5 4-5 5-5 6-5 8-10 9-19 10-5 11-14 12-23 13-16 14-17 15-18 16-23 17-19 18-5 19-19 20-23 21-22 22-5 23-24 24-5 25-26 26-5 
0-19 1-15 2-6 3-0 4-0 5-9 6-5 7-16 8-19 9-0 10-10 11-7 12-18 13-9 15-10 16-11 17-19 18-13 19-14 20-15 21-15 22-18 23-10 24-19 25-19 26-18 27-20 
0-0 1-1 2-15 3-10 4-5 5-9 6-7 7-7 8-10 9-14 10-10 11-10 12-9 13-10 14-10 15-12 16-13 17-10 18-9 19-15 20-14 21-16 
0-1 1-1 2-4 3-4 4-2 5-5 6-4 7-6 8-6 9-3 10-8 11-9 12-11 13-11 14-3 16-9 17-8 18-17 19-18 20-19 
0-1 1-9 2-1 3-2 4-3 5-3 6-4 7-2 8-9 9-11 10-2 11-12 12-9 13-6 14-7 15-12 16-9 17-8 18-8 19-8 20-9 21-4 22-11 23-17 24-9 25-17 26-17 27-3 28-0 
0-1 1-2 2-0 3-2 4-7 5-10 6-5 7-8 8-8 9-8 10-5 11-8 12-5 13-10 14-11 15-13 
0-0 1-1 2-2 3-3 4-3 5-6 6-8 7-6 8-1 9-3 10-3 11-8 12-9 13-11 14-11 15-13 16-6 17-11 18-11 19-16 
0-7 1-0 2-9 3-0 4-4 5-9 6-10 7-3 8-2 9-6 10-0 11-0 12-1 13-2 14-3 15-3 16-3 17-0 18-3 19-9 20-3 
0-20 1-0 2-1 3-18 4-20 5-7 6-6 7-7 8-8 9-18 10-18 11-26 12-10 13-13 14-20 15-18 16-20 17-21 18-28 19-8 20-23 21-18 22-26 23-28 24-29 
0-1 1-1 2-5 3-10 4-2 5-2 6-4 7-6 8-5 9-6 10-5 11-1 12-8 13-13 14-10 15-13 16-16 17-16 18-1 19-1 20-13 21-12 22-1 23-12 24-13 25-12 26-12 27-13 28-1 
0-2 1-2 2-3 3-5 4-2 5-5 6-6 7-7 8-10 
0-0 1-6 2-2 3-4 4-4 5-10 6-7 8-8 9-2 10-4 11-10 12-12 13-9 14-3 15-13 
0-0 1-2 2-5 3-1 4-1 5-1 6-5 7-4 8-2 10-6 
0-7 1-8 2-8 3-16 4-12 5-8 6-8 7-7 8-2 9-1 10-1 11-2 12-12 13-12 14-11 15-13 16-18 17-7 18-16 19-8 20-18 21-18 22-19 23-18 24-21 25-12 26-26 27-16 28-12 
0-0 1-4 2-3 3-3 4-2 5-0 6-1 7-6 8-3 9-6 10-5 11-6 12-7 
0-14 1-2 2-3 3-3 4-14 5-6 6-7 7-3 8-7 9-14 10-9 11-9 12-12 13-14 14-15 15-13 16-10 17-16 18-16 19-9 20-14 21-18 22-18 23-13 24-18 25-20 
0-11 1-6 2-1 3-11 4-11 5-3 6-9 7-6 8-4 9-1 10-7 11-7 12-10 13-11 
0-5 1-3 2-2 3-1 4-8 5-10 6-5 7-6 8-6 9-8 10-8 11-5 12-10 13-10 14-6 15-6 16-13 
0-0 1-0 2-3 3-4 4-6 5-4 6-4 7-6 8-7 
0-3 1-3 2-3 3-1 4-2 5-5 6-5 7-5 8-6 9-7 10-8 11-9 12-3 13-10 14-12 15-12 16-12 17-0 18-15 19-6 20-14 21-7 
0-2 1-1 2-2 3-1 4-1 5-1 6-3 
0-0 1-0 3-5 4-6 5-6 6-7 
0-10 1-1 2-3 3-2 4-3 5-3 6-3 7-11 8-12 9-13 10-14 11-15 12-16 13-10 14-18 15-1 
0-0 1-2 2-1 3-2 4-19 5-16 6-3 7-19 8-16 9-10 10-10 11-12 12-14 13-14 14-15 15-16 16-16 17-17 18-5 19-21 20-5 
0-0 1-1 2-13 3-22 4-12 5-22 6-7 7-2 8-18 9-7 10-9 11-9 12-10 13-6 14-10 15-11 16-13 17-12 18-12 19-14 20-15 21-16 22-16 23-12 24-13 25-12 26-18 27-18 28-22 
0-7 1-4 2-0 3-12 4-4 5-4 6-14 7-1 8-7 9-3 10-7 11-14 12-12 13-12 14-7 15-3 16-8 17-7 18-12 19-14 20-14 21-7 22-2 23-3 24-13 25-5 
0-16 1-8 2-6 3-21 4-3 5-3 6-16 7-21 8-5 9-14 10-9 11-21 12-16 13-14 14-10 15-16 16-21 17-16 18-21 19-18 20-22 21-21 22-3 23-23 
0-1 1-0 2-3 3-0 4-1 5-9 6-3 7-5 8-5 9-5 10-3 11-3 12-3 13-11 
0-6 1-4 2-2 3-9 4-9 5-0 6-16 7-6 8-15 9-15 10-2 11-5 13-9 15-10 16-4 17-8 18-9 19-9 20-8 21-6 22-4 23-10 24-8 
0-2 1-2 2-0 3-15 4-4 5-5 6-8 7-6 8-5 9-2 10-6 11-15 12-12 13-12 14-16 
0-21 1-13 2-21 3-10 4-10 5-10 6-10 7-7 8-7 9-6 10-21 11-8 12-10 13-21 14-13 15-21 16-13 17-8 18-12 19-17 20-7 21-8 22-7 23-17 24-15 25-16 26-20 27-17 28-17 29-26 
0-1 1-1 2-8 3-19 4-2 5-12 6-14 7-1 8-12 9-16 10-13 11-14 12-13 13-1 14-12 15-12 16-1 18-19 19-19 20-18 21-1 22-6 23-1 24-21 25-22 
0-0 1-1 2-2 3-2 4-1 5-2 6-6 7-1 8-6 9-1 10-5 11-2 12-10 13-12 14-14 15-13 16-18 17-15 18-1 19-19 20-20 
0-0 1-1 2-8 3-4 4-5 5-2 6-6 7-2 8-1 9-6 10-8 11-8 12-8 13-8 14-10 15-11 
0-3 1-9 2-3 3-2 4-12 5-4 6-4 7-9 8-10 9-9 10-9 11-9 12-7 13-11 14-12 15-13 16-9 17-19 18-14 19-17 20-14 21-15 22-12 23-15 24-19 25-9 26-19 27-15 28-10 29-22 
0-3 1-2 2-3 3-4 4-13 5-9 6-8 7-10 8-10 9-7 10-10 11-13 12-13 13-14 
0-1 1-8 2-1 3-2 4-3 5-3 6-4 7-4 8-6 9-4 10-6 11-8 12-9 13-10 14-6 15-11 16-0 
0-1 1-2 2-1 3-2 4-4 5-5 6-4 7-5 8-6 9-6 10-5 11-5 12-2 13-2 14-0 
0-17 1-2 2-0 3-17 4-2 5-2 6-17 7-2 8-4 9-5 10-20 11-20 12-10 13-7 14-6 15-2 16-6 17-14 18-13 19-13 20-0 21-2 22-0 23-17 24-17 25-20 27-14 28-22 29-2 
0-0 1-1 2-3 3-3 4-16 5-4 6-4 7-14 8-3 9-4 10-3 11-15 12-14 13-15 14-15 15-16 16-16 17-4 18-19 19-15 20-19 21-19 22-18 23-20 
0-0 1-1 2-2 3-3 4-3 5-16 6-7 7-10 8-12 9-13 10-12 11-14 12-12 13-14 14-18 15-18 16-16 17-18 18-12 19-16 20-16 21-18 
0-0 1-4 2-3 3-2 4-1 5-4 6-5 
0-15 1-6 2-10 3-8 4-9 5-10 6-10 7-11 9-13 10-13 11-15 12-13 13-10 14-10 15-14 16-0 17-0 18-0 19-10 20-10 21-10 22-15 23-14 24-10 
0-7 1-1 2-6 3-3 4-3 5-3 6-6 7-3 8-6 9-3 10-6 11-11 12-3 13-8 14-10 15-11 16-6 
0-0 1-3 2-1 3-3 4-4 5-5 6-1 7-2 8-2 9-7 10-10 11-3 12-1 13-1 15-16 
0-5 1-5 2-5 3-5 4-4 5-4 6-4 7-3 8-8 9-7 10-7 11-9 
0-0 1-2 2-3 3-4 
0-0 1-0 2-14 3-11 4-4 5-6 6-15 7-15 8-15 9-11 10-9 11-10 12-15 13-11 14-15 15-11 16-11 17-14 18-13 19-11 
0-21 1-15 2-2 3-12 4-13 5-5 6-2 7-5 8-5 9-22 10-7 11-19 12-9 13-10 14-12 15-16 16-14 17-15 18-19 19-16 20-19 21-19 22-19 23-19 24-21 25-22 26-23 
0-8 1-0 2-5 3-1 4-11 5-9 6-3 7-3 8-9 9-5 10-6 11-20 12-6 13-6 14-10 15-11 16-12 17-9 18-15 19-9 20-17 21-17 22-9 23-19 24-20 25-21 
0-1 1-0 2-1 3-13 4-0 5-14 6-3 7-8 8-0 9-8 10-9 11-14 12-7 13-14 14-1 15-8 16-16 
0-1 1-11 2-1 3-2 4-3 5-5 6-5 7-6 8-11 9-8 10-8 11-11 12-11 13-13 14-13 15-11 16-16 17-16 18-0 
0-1 1-3 2-2 3-12 4-6 5-6 6-3 7-6 8-0 9-0 10-0 11-8 12-8 13-6 
0-0 1-5 2-3 3-3 4-5 5-6 6-15 7-9 8-9 9-6 10-6 11-1 12-6 13-9 14-10 15-11 16-3 17-14 18-15 
0-1 1-6 2-1 3-6 4-8 5-10 7-6 8-6 9-14 10-13 11-3 12-14 13-5 14-13 15-0 
0-0 1-3 2-3 3-3 4-5 5-17 6-5 7-6 8-3 9-3 10-10 11-9 12-12 13-12 14-6 15-16 16-9 17-3 18-17 19-3 
0-1 1-12 2-1 3-2 4-4 5-7 6-12 7-12 8-12 9-9 10-12 11-4 12-4 13-12 15-0 
0-0 1-23 2-4 3-3 4-4 5-23 6-7 7-8 8-9 9-9 10-11 11-23 12-13 13-7 14-9 15-16 16-15 17-17 18-9 19-16 20-18 21-9 22-23 23-23 24-23 25-23 26-26 27-26 28-28 
0-1 2-2 3-1 4-4 5-6 6-8 7-1 8-22 9-11 10-12 11-2 12-22 14-16 15-0 16-1 17-19 18-1 19-22 20-22 21-1 22-1 23-11 24-23 
0-2 1-2 2-2 3-2 4-2 5-4 6-4 7-5 8-5 9-6 10-6 11-4 12-0 13-0 14-7 15-9 
0-0 1-1 2-1 3-1 4-3 5-5 6-3 8-6 
